{"contracts/CronAggregator.sol":{"l":{"68":63,"69":63,"74":63,"86":70,"87":70,"96":70,"97":14,"98":14,"99":14,"107":14,"108":14,"110":56,"113":50,"114":45,"115":39,"118":44,"119":44,"120":44,"127":1,"135":13,"136":13,"145":13,"146":8,"147":6,"149":2,"152":5,"153":1,"155":4,"156":3,"157":2,"159":1,"162":1,"183":5,"184":25,"186":5,"188":5,"211":2,"223":2,"231":3,"239":140,"240":140,"250":68,"251":68,"252":68,"254":68,"255":312,"266":65,"267":65,"268":65,"276":56,"284":45,"285":62,"286":6,"289":39,"297":21,"298":21,"299":21,"300":5,"301":5,"302":5,"304":16,"306":21,"307":21,"308":21,"309":21,"310":21,"319":44,"320":21,"325":21,"326":21,"331":86,"335":70,"339":96,"340":86,"344":31,"345":27,"355":96,"356":94,"357":90,"359":78,"360":74,"361":70,"375":26,"376":26,"377":26,"378":26,"379":26,"380":26,"381":26,"382":26,"383":26,"385":26,"386":31,"387":31,"388":31,"389":31,"390":97,"391":38,"392":38,"394":28,"395":28,"398":31,"399":4,"400":4,"402":1,"403":1,"404":1,"406":26,"421":5},"path":"/home/aznagy/personal/cron-aggregator/contracts/CronAggregator.sol","s":{"1":63,"2":63,"3":63,"4":70,"5":70,"6":70,"7":14,"8":14,"9":14,"10":14,"11":56,"12":50,"13":45,"14":39,"15":44,"16":44,"17":44,"18":1,"19":13,"20":13,"21":13,"22":8,"23":6,"24":2,"25":5,"26":1,"27":4,"28":3,"29":2,"30":1,"31":1,"32":5,"33":5,"34":2,"35":2,"36":3,"37":140,"38":140,"39":68,"40":68,"41":68,"42":68,"43":312,"44":65,"45":65,"46":65,"47":56,"48":45,"49":62,"50":6,"51":39,"52":21,"53":21,"54":21,"55":5,"56":5,"57":5,"58":16,"59":21,"60":21,"61":21,"62":21,"63":21,"64":44,"65":21,"66":86,"67":96,"68":31,"69":96,"70":94,"71":90,"72":78,"73":74,"74":26,"75":26,"76":26,"77":26,"78":26,"79":26,"80":26,"81":26,"82":26,"83":26,"84":31,"85":31,"86":31,"87":31,"88":97,"89":38,"90":59,"91":28,"92":31,"93":4,"94":4,"95":27,"96":1,"97":1,"98":1,"99":26,"100":5},"b":{"1":[14,56],"2":[36,20],"3":[45,5],"4":[39,6],"5":[8,5],"6":[6,2],"7":[1,4],"8":[3,1],"9":[2,1],"10":[6,56],"11":[5,16],"12":[21,23],"13":[21,0],"14":[70,16],"15":[86,10],"16":[27,4],"17":[94,2],"18":[90,4],"19":[78,12],"20":[74,4],"21":[70,4],"22":[38,59],"23":[28,31],"24":[4,27],"25":[1,26]},"f":{"1":63,"2":70,"3":1,"4":13,"5":5,"6":2,"7":2,"8":3,"9":140,"10":68,"11":65,"12":56,"13":45,"14":21,"15":44,"16":21,"17":86,"18":96,"19":31,"20":96,"21":26,"22":5},"fnMap":{"1":{"name":"constructor","line":50,"loc":{"start":{"line":50,"column":4},"end":{"line":67,"column":5}}},"2":{"name":"cronCallback","line":81,"loc":{"start":{"line":81,"column":4},"end":{"line":85,"column":5}}},"3":{"name":"setCurrentValue","line":123,"loc":{"start":{"line":123,"column":4},"end":{"line":126,"column":5}}},"4":{"name":"getStatus","line":130,"loc":{"start":{"line":130,"column":4},"end":{"line":134,"column":5}}},"5":{"name":"updateContributionSettings","line":167,"loc":{"start":{"line":167,"column":4},"end":{"line":182,"column":5}}},"6":{"name":"updateTimeSettings","line":195,"loc":{"start":{"line":195,"column":4},"end":{"line":210,"column":5}}},"7":{"name":"isAggregated","line":218,"loc":{"start":{"line":218,"column":4},"end":{"line":222,"column":5}}},"8":{"name":"getAuthorizedContributors","line":226,"loc":{"start":{"line":226,"column":4},"end":{"line":230,"column":5}}},"9":{"name":"isContributionPeriod","line":234,"loc":{"start":{"line":234,"column":4},"end":{"line":238,"column":5}}},"10":{"name":"_updateContributionSettings","line":243,"loc":{"start":{"line":243,"column":4},"end":{"line":249,"column":5}}},"11":{"name":"_updateTimeSettings","line":259,"loc":{"start":{"line":259,"column":4},"end":{"line":265,"column":5}}},"12":{"name":"_isFull","line":271,"loc":{"start":{"line":271,"column":4},"end":{"line":275,"column":5}}},"13":{"name":"_alreadyContributed","line":279,"loc":{"start":{"line":279,"column":4},"end":{"line":283,"column":5}}},"14":{"name":"_updateLatestAnswer","line":292,"loc":{"start":{"line":292,"column":4},"end":{"line":296,"column":5}}},"15":{"name":"ensureMinContributionsReceived","line":318,"loc":{"start":{"line":318,"column":4},"end":{"line":318,"column":65}}},"16":{"name":"ensureOnlyLatestAnswer","line":324,"loc":{"start":{"line":324,"column":4},"end":{"line":324,"column":57}}},"17":{"name":"onlyAuthorizedContributor","line":330,"loc":{"start":{"line":330,"column":4},"end":{"line":330,"column":54}}},"18":{"name":"onlyContributionPeriod","line":338,"loc":{"start":{"line":338,"column":4},"end":{"line":338,"column":33}}},"19":{"name":"notContributionPeriod","line":343,"loc":{"start":{"line":343,"column":4},"end":{"line":343,"column":32}}},"20":{"name":"onlyValidSettings","line":348,"loc":{"start":{"line":348,"column":4},"end":{"line":354,"column":7}}},"21":{"name":"quickselect","line":370,"loc":{"start":{"line":370,"column":4},"end":{"line":374,"column":5}}},"22":{"name":"swap","line":416,"loc":{"start":{"line":416,"column":4},"end":{"line":420,"column":5}}}},"statementMap":{"1":{"start":{"line":68,"column":8},"end":{"line":68,"column":35}},"2":{"start":{"line":69,"column":8},"end":{"line":69,"column":1971}},"3":{"start":{"line":74,"column":8},"end":{"line":74,"column":2108}},"4":{"start":{"line":86,"column":8},"end":{"line":86,"column":82}},"5":{"start":{"line":87,"column":8},"end":{"line":87,"column":2493}},"6":{"start":{"line":96,"column":8},"end":{"line":96,"column":2717}},"7":{"start":{"line":98,"column":12},"end":{"line":98,"column":57}},"8":{"start":{"line":99,"column":12},"end":{"line":99,"column":2889}},"9":{"start":{"line":107,"column":12},"end":{"line":107,"column":76}},"10":{"start":{"line":108,"column":12},"end":{"line":108,"column":90}},"11":{"start":{"line":110,"column":12},"end":{"line":110,"column":81}},"12":{"start":{"line":113,"column":8},"end":{"line":113,"column":3417}},"13":{"start":{"line":114,"column":12},"end":{"line":114,"column":91}},"14":{"start":{"line":115,"column":12},"end":{"line":115,"column":72}},"15":{"start":{"line":118,"column":8},"end":{"line":118,"column":65}},"16":{"start":{"line":119,"column":8},"end":{"line":119,"column":73}},"17":{"start":{"line":120,"column":8},"end":{"line":120,"column":46}},"18":{"start":{"line":127,"column":8},"end":{"line":127,"column":28}},"19":{"start":{"line":135,"column":8},"end":{"line":135,"column":82}},"20":{"start":{"line":136,"column":8},"end":{"line":136,"column":4140}},"21":{"start":{"line":145,"column":8},"end":{"line":145,"column":4372}},"22":{"start":{"line":146,"column":12},"end":{"line":146,"column":4418}},"23":{"start":{"line":147,"column":16},"end":{"line":147,"column":53}},"24":{"start":{"line":149,"column":16},"end":{"line":149,"column":50}},"25":{"start":{"line":152,"column":12},"end":{"line":152,"column":4633}},"26":{"start":{"line":153,"column":16},"end":{"line":153,"column":48}},"27":{"start":{"line":155,"column":12},"end":{"line":155,"column":4740}},"28":{"start":{"line":156,"column":16},"end":{"line":156,"column":4804}},"29":{"start":{"line":157,"column":20},"end":{"line":157,"column":59}},"30":{"start":{"line":159,"column":20},"end":{"line":159,"column":60}},"31":{"start":{"line":162,"column":16},"end":{"line":162,"column":56}},"32":{"start":{"line":183,"column":8},"end":{"line":183,"column":5564}},"33":{"start":{"line":188,"column":8},"end":{"line":188,"column":5752}},"34":{"start":{"line":211,"column":8},"end":{"line":211,"column":6326}},"35":{"start":{"line":223,"column":8},"end":{"line":223,"column":53}},"36":{"start":{"line":231,"column":8},"end":{"line":231,"column":37}},"37":{"start":{"line":239,"column":8},"end":{"line":239,"column":78}},"38":{"start":{"line":240,"column":8},"end":{"line":240,"column":45}},"39":{"start":{"line":250,"column":8},"end":{"line":250,"column":41}},"40":{"start":{"line":251,"column":8},"end":{"line":251,"column":55}},"41":{"start":{"line":252,"column":8},"end":{"line":252,"column":55}},"42":{"start":{"line":254,"column":8},"end":{"line":254,"column":7341}},"43":{"start":{"line":255,"column":12},"end":{"line":255,"column":68}},"44":{"start":{"line":266,"column":8},"end":{"line":266,"column":37}},"45":{"start":{"line":267,"column":8},"end":{"line":267,"column":47}},"46":{"start":{"line":268,"column":8},"end":{"line":268,"column":55}},"47":{"start":{"line":276,"column":8},"end":{"line":276,"column":110}},"48":{"start":{"line":284,"column":8},"end":{"line":284,"column":8163}},"49":{"start":{"line":285,"column":12},"end":{"line":285,"column":8256}},"50":{"start":{"line":286,"column":16},"end":{"line":286,"column":27}},"51":{"start":{"line":289,"column":8},"end":{"line":289,"column":20}},"52":{"start":{"line":297,"column":8},"end":{"line":297,"column":81}},"53":{"start":{"line":298,"column":8},"end":{"line":298,"column":51}},"54":{"start":{"line":299,"column":8},"end":{"line":299,"column":8724}},"55":{"start":{"line":300,"column":12},"end":{"line":300,"column":97}},"56":{"start":{"line":301,"column":12},"end":{"line":301,"column":104}},"57":{"start":{"line":302,"column":12},"end":{"line":302,"column":50}},"58":{"start":{"line":304,"column":12},"end":{"line":304,"column":100}},"59":{"start":{"line":306,"column":8},"end":{"line":306,"column":44}},"60":{"start":{"line":307,"column":8},"end":{"line":307,"column":50}},"61":{"start":{"line":308,"column":8},"end":{"line":308,"column":45}},"62":{"start":{"line":309,"column":8},"end":{"line":309,"column":46}},"63":{"start":{"line":310,"column":8},"end":{"line":310,"column":62}},"64":{"start":{"line":319,"column":8},"end":{"line":319,"column":9828}},"65":{"start":{"line":325,"column":8},"end":{"line":325,"column":10033}},"66":{"start":{"line":331,"column":8},"end":{"line":331,"column":10184}},"67":{"start":{"line":339,"column":8},"end":{"line":339,"column":65}},"68":{"start":{"line":344,"column":8},"end":{"line":344,"column":62}},"69":{"start":{"line":355,"column":8},"end":{"line":355,"column":112}},"70":{"start":{"line":356,"column":8},"end":{"line":356,"column":135}},"71":{"start":{"line":357,"column":8},"end":{"line":357,"column":88}},"72":{"start":{"line":359,"column":8},"end":{"line":359,"column":69}},"73":{"start":{"line":360,"column":8},"end":{"line":360,"column":91}},"74":{"start":{"line":375,"column":8},"end":{"line":375,"column":31}},"75":{"start":{"line":376,"column":8},"end":{"line":376,"column":22}},"76":{"start":{"line":377,"column":8},"end":{"line":377,"column":31}},"77":{"start":{"line":378,"column":8},"end":{"line":378,"column":49}},"78":{"start":{"line":379,"column":8},"end":{"line":379,"column":49}},"79":{"start":{"line":380,"column":8},"end":{"line":380,"column":21}},"80":{"start":{"line":381,"column":8},"end":{"line":381,"column":21}},"81":{"start":{"line":382,"column":8},"end":{"line":382,"column":21}},"82":{"start":{"line":383,"column":8},"end":{"line":383,"column":17}},"83":{"start":{"line":385,"column":8},"end":{"line":385,"column":12077}},"84":{"start":{"line":386,"column":12},"end":{"line":386,"column":33}},"85":{"start":{"line":387,"column":12},"end":{"line":387,"column":20}},"86":{"start":{"line":388,"column":12},"end":{"line":388,"column":20}},"87":{"start":{"line":389,"column":12},"end":{"line":389,"column":12190}},"88":{"start":{"line":390,"column":16},"end":{"line":390,"column":12239}},"89":{"start":{"line":391,"column":20},"end":{"line":391,"column":35}},"90":{"start":{"line":393,"column":23},"end":{"line":393,"column":12349}},"91":{"start":{"line":394,"column":20},"end":{"line":394,"column":35}},"92":{"start":{"line":398,"column":12},"end":{"line":398,"column":12476}},"93":{"start":{"line":399,"column":16},"end":{"line":399,"column":27}},"94":{"start":{"line":400,"column":16},"end":{"line":400,"column":36}},"95":{"start":{"line":401,"column":19},"end":{"line":401,"column":12582}},"96":{"start":{"line":402,"column":16},"end":{"line":402,"column":41}},"97":{"start":{"line":403,"column":16},"end":{"line":403,"column":27}},"98":{"start":{"line":404,"column":16},"end":{"line":404,"column":36}},"99":{"start":{"line":406,"column":16},"end":{"line":406,"column":28}},"100":{"start":{"line":421,"column":8},"end":{"line":421,"column":23}}},"branchMap":{"1":{"line":96,"type":"if","locations":[{"start":{"line":96,"column":8},"end":{"line":96,"column":8}},{"start":{"line":96,"column":8},"end":{"line":96,"column":8}}]},"2":{"line":110,"type":"if","locations":[{"start":{"line":110,"column":12},"end":{"line":110,"column":12}},{"start":{"line":110,"column":12},"end":{"line":110,"column":12}}]},"3":{"line":113,"type":"if","locations":[{"start":{"line":113,"column":8},"end":{"line":113,"column":8}},{"start":{"line":113,"column":8},"end":{"line":113,"column":8}}]},"4":{"line":114,"type":"if","locations":[{"start":{"line":114,"column":12},"end":{"line":114,"column":12}},{"start":{"line":114,"column":12},"end":{"line":114,"column":12}}]},"5":{"line":145,"type":"if","locations":[{"start":{"line":145,"column":8},"end":{"line":145,"column":8}},{"start":{"line":145,"column":8},"end":{"line":145,"column":8}}]},"6":{"line":146,"type":"if","locations":[{"start":{"line":146,"column":12},"end":{"line":146,"column":12}},{"start":{"line":146,"column":12},"end":{"line":146,"column":12}}]},"7":{"line":152,"type":"if","locations":[{"start":{"line":152,"column":12},"end":{"line":152,"column":12}},{"start":{"line":152,"column":12},"end":{"line":152,"column":12}}]},"8":{"line":155,"type":"if","locations":[{"start":{"line":155,"column":12},"end":{"line":155,"column":12}},{"start":{"line":155,"column":12},"end":{"line":155,"column":12}}]},"9":{"line":156,"type":"if","locations":[{"start":{"line":156,"column":16},"end":{"line":156,"column":16}},{"start":{"line":156,"column":16},"end":{"line":156,"column":16}}]},"10":{"line":285,"type":"if","locations":[{"start":{"line":285,"column":12},"end":{"line":285,"column":12}},{"start":{"line":285,"column":12},"end":{"line":285,"column":12}}]},"11":{"line":299,"type":"if","locations":[{"start":{"line":299,"column":8},"end":{"line":299,"column":8}},{"start":{"line":299,"column":8},"end":{"line":299,"column":8}}]},"12":{"line":319,"type":"if","locations":[{"start":{"line":319,"column":8},"end":{"line":319,"column":8}},{"start":{"line":319,"column":8},"end":{"line":319,"column":8}}]},"13":{"line":325,"type":"if","locations":[{"start":{"line":325,"column":8},"end":{"line":325,"column":8}},{"start":{"line":325,"column":8},"end":{"line":325,"column":8}}]},"14":{"line":331,"type":"if","locations":[{"start":{"line":331,"column":8},"end":{"line":331,"column":8}},{"start":{"line":331,"column":8},"end":{"line":331,"column":8}}]},"15":{"line":339,"type":"if","locations":[{"start":{"line":339,"column":8},"end":{"line":339,"column":8}},{"start":{"line":339,"column":8},"end":{"line":339,"column":8}}]},"16":{"line":344,"type":"if","locations":[{"start":{"line":344,"column":8},"end":{"line":344,"column":8}},{"start":{"line":344,"column":8},"end":{"line":344,"column":8}}]},"17":{"line":355,"type":"if","locations":[{"start":{"line":355,"column":8},"end":{"line":355,"column":8}},{"start":{"line":355,"column":8},"end":{"line":355,"column":8}}]},"18":{"line":356,"type":"if","locations":[{"start":{"line":356,"column":8},"end":{"line":356,"column":8}},{"start":{"line":356,"column":8},"end":{"line":356,"column":8}}]},"19":{"line":357,"type":"if","locations":[{"start":{"line":357,"column":8},"end":{"line":357,"column":8}},{"start":{"line":357,"column":8},"end":{"line":357,"column":8}}]},"20":{"line":359,"type":"if","locations":[{"start":{"line":359,"column":8},"end":{"line":359,"column":8}},{"start":{"line":359,"column":8},"end":{"line":359,"column":8}}]},"21":{"line":360,"type":"if","locations":[{"start":{"line":360,"column":8},"end":{"line":360,"column":8}},{"start":{"line":360,"column":8},"end":{"line":360,"column":8}}]},"22":{"line":390,"type":"if","locations":[{"start":{"line":390,"column":16},"end":{"line":390,"column":16}},{"start":{"line":390,"column":16},"end":{"line":390,"column":16}}]},"23":{"line":393,"type":"if","locations":[{"start":{"line":393,"column":23},"end":{"line":393,"column":23}},{"start":{"line":393,"column":23},"end":{"line":393,"column":23}}]},"24":{"line":398,"type":"if","locations":[{"start":{"line":398,"column":12},"end":{"line":398,"column":12}},{"start":{"line":398,"column":12},"end":{"line":398,"column":12}}]},"25":{"line":401,"type":"if","locations":[{"start":{"line":401,"column":19},"end":{"line":401,"column":19}},{"start":{"line":401,"column":19},"end":{"line":401,"column":19}}]}}},"contracts/mock/MockCronAggregator.sol":{"l":{"36":3,"37":3,"38":3,"39":3,"41":3,"49":27},"path":"/home/aznagy/personal/cron-aggregator/contracts/mock/MockCronAggregator.sol","s":{"1":3,"2":3,"3":3,"4":3,"5":3,"6":27},"b":{},"f":{"1":63,"2":3,"3":27},"fnMap":{"1":{"name":"constructor","line":8,"loc":{"start":{"line":8,"column":4},"end":{"line":27,"column":5}}},"2":{"name":"getAggregation","line":31,"loc":{"start":{"line":31,"column":4},"end":{"line":35,"column":5}}},"3":{"name":"getTimestamp","line":44,"loc":{"start":{"line":44,"column":4},"end":{"line":48,"column":5}}}},"statementMap":{"1":{"start":{"line":36,"column":8},"end":{"line":36,"column":67}},"2":{"start":{"line":37,"column":8},"end":{"line":37,"column":67}},"3":{"start":{"line":38,"column":8},"end":{"line":38,"column":73}},"4":{"start":{"line":39,"column":8},"end":{"line":39,"column":71}},"5":{"start":{"line":41,"column":8},"end":{"line":41,"column":79}},"6":{"start":{"line":49,"column":8},"end":{"line":49,"column":30}}},"branchMap":{}}}